<html>
<head>
<title>TestNG:  Test</title>
<link href="../testng.css" rel="stylesheet" type="text/css" />
<link href="../my-testng.css" rel="stylesheet" type="text/css" />

<style type="text/css">
.log { display: none;} 
.stack-trace { display: none;} 
</style>
<script type="text/javascript">
<!--
function flip(e) {
  current = e.style.display;
  if (current == 'block') {
    e.style.display = 'none';
    return 0;
  }
  else {
    e.style.display = 'block';
    return 1;
  }
}

function toggleBox(szDivId, elem, msg1, msg2)
{
  var res = -1;  if (document.getElementById) {
    res = flip(document.getElementById(szDivId));
  }
  else if (document.all) {
    // this is the way old msie versions work
    res = flip(document.all[szDivId]);
  }
  if(elem) {
    if(res == 0) elem.innerHTML = msg1; else elem.innerHTML = msg2;
  }

}

function toggleAllBoxes() {
  if (document.getElementsByTagName) {
    d = document.getElementsByTagName('div');
    for (i = 0; i < d.length; i++) {
      if (d[i].className == 'log') {
        flip(d[i]);
      }
    }
  }
}

// -->
</script>

</head>
<body>
<h2 align='center'>Test</h2><table border='1' align="center">
<tr>
<td>Tests passed/Failed/Skipped:</td><td>7/1/0</td>
</tr><tr>
<td>Started on:</td><td>Thu Jun 08 17:04:34 IST 2023</td>
</tr>
<tr><td>Total time:</td><td>206 seconds (206690 ms)</td>
</tr><tr>
<td>Included groups:</td><td></td>
</tr><tr>
<td>Excluded groups:</td><td></td>
</tr>
</table><p/>
<small><i>(Hover the method name to see the test class name)</i></small><p/>
<table width='100%' border='1' class='invocation-failed'>
<tr><td colspan='4' align='center'><b>FAILED TESTS</b></td></tr>
<tr><td><b>Test method</b></td>
<td><b>Attribute(s)</b></td>
<td width="30%"><b>Exception</b></td>
<td width="10%"><b>Time (seconds)</b></td>
<td><b>Instance</b></td>
</tr>
<tr>
<td title='testrunner.landingPage_testrunner2.runScenario()'><b>runScenario</b><br>Test class: testrunner.landingPage_testrunner2<br>Test method: Runs Cucumber Scenarios<br>Parameters: "validate user enter  number with invalid data", "Magicbricks Landing"</td>
<td><div><pre>org.openqa.selenium.ElementClickInterceptedException: element click intercepted: Element is not clickable at point (1027, 579)
  (Session info: chrome=114.0.5735.110)
Build info: version: &apos;4.9.0&apos;, revision: &apos;d7057100a6&apos;
System info: os.name: &apos;Windows 11&apos;, os.arch: &apos;amd64&apos;, os.version: &apos;10.0&apos;, java.version: &apos;17.0.6&apos;
Driver info: org.openqa.selenium.chrome.ChromeDriver
Command: [88b68fb993ac06a062bd391937dc4c0e, clickElement {id=594AA6DF6111903853026FFA7576F641_element_57}]
Capabilities {acceptInsecureCerts: false, browserName: chrome, browserVersion: 114.0.5735.110, chrome: {chromedriverVersion: 114.0.5735.90 (386bc09e8f4f..., userDataDir: C:\WINDOWS\SystemTemp\scope...}, goog:chromeOptions: {debuggerAddress: localhost:55908}, networkConnectionEnabled: false, pageLoadStrategy: normal, platformName: WINDOWS, proxy: Proxy(), se:cdp: ws://localhost:55908/devtoo..., se:cdpVersion: 114.0.5735.110, setWindowRect: true, strictFileInteractability: false, timeouts: {implicit: 0, pageLoad: 300000, script: 30000}, unhandledPromptBehavior: dismiss and notify, webauthn:extension:credBlob: true, webauthn:extension:largeBlob: true, webauthn:extension:minPinLength: true, webauthn:extension:prf: true, webauthn:virtualAuthenticators: true}
Element: [[ChromeDriver: chrome on WINDOWS (88b68fb993ac06a062bd391937dc4c0e)] -&gt; xpath: //button[@class=&apos;pp-form__cta&apos;]]
Session ID: 88b68fb993ac06a062bd391937dc4c0e
	at org.openqa.selenium.remote.codec.w3c.W3CHttpResponseCodec.createException(W3CHttpResponseCodec.java:200)
	at org.openqa.selenium.remote.codec.w3c.W3CHttpResponseCodec.decode(W3CHttpResponseCodec.java:133)
	at org.openqa.selenium.remote.codec.w3c.W3CHttpResponseCodec.decode(W3CHttpResponseCodec.java:53)
	at org.openqa.selenium.remote.HttpCommandExecutor.execute(HttpCommandExecutor.java:193)
	at org.openqa.selenium.remote.service.DriverCommandExecutor.invokeExecute(DriverCommandExecutor.java:183)
	at org.openqa.selenium.remote.service.DriverCommandExecutor.execute(DriverCommandExecutor.java:158)
	at org.openqa.selenium.remote.RemoteWebDriver.execute(RemoteWebDriver.java:543)
	at org.openqa.selenium.remote.RemoteWebElement.execute(RemoteWebElement.java:257)
	at org.openqa.selenium.remote.RemoteWebElement.click(RemoteWebElement.java:78)
	at org.openqa.selenium.support.pagefactory.internal.LocatingElementHandler.invoke(LocatingElementHandler.java:52)
	at jdk.proxy2/jdk.proxy2.$Proxy29.click(Unknown Source)
	at com.pages.Post_PropertyPage.start_Now(Post_PropertyPage.java:59)
	at LandingPageSteps_outline.LandingPageSteps2.user_enters_invalid_number(LandingPageSteps2.java:137)
	at ✽.User enters invalid number &quot;0000000000&quot;(file:///C:/Users/TBEEMARA/eclipse-workspace/MagicBricks_Landing_Tejasree/src/test/resources/Features/LandingPage2.feature:28)
... Removed 9 stack frames</pre></div><a href='#' onClick='toggleBox("stack-trace1022713356", this, "Click to show all stack frames", "Click to hide stack frames")'>Click to show all stack frames</a>
<div class='stack-trace' id='stack-trace1022713356'><pre>org.openqa.selenium.ElementClickInterceptedException: element click intercepted: Element is not clickable at point (1027, 579)
  (Session info: chrome=114.0.5735.110)
Build info: version: &apos;4.9.0&apos;, revision: &apos;d7057100a6&apos;
System info: os.name: &apos;Windows 11&apos;, os.arch: &apos;amd64&apos;, os.version: &apos;10.0&apos;, java.version: &apos;17.0.6&apos;
Driver info: org.openqa.selenium.chrome.ChromeDriver
Command: [88b68fb993ac06a062bd391937dc4c0e, clickElement {id=594AA6DF6111903853026FFA7576F641_element_57}]
Capabilities {acceptInsecureCerts: false, browserName: chrome, browserVersion: 114.0.5735.110, chrome: {chromedriverVersion: 114.0.5735.90 (386bc09e8f4f..., userDataDir: C:\WINDOWS\SystemTemp\scope...}, goog:chromeOptions: {debuggerAddress: localhost:55908}, networkConnectionEnabled: false, pageLoadStrategy: normal, platformName: WINDOWS, proxy: Proxy(), se:cdp: ws://localhost:55908/devtoo..., se:cdpVersion: 114.0.5735.110, setWindowRect: true, strictFileInteractability: false, timeouts: {implicit: 0, pageLoad: 300000, script: 30000}, unhandledPromptBehavior: dismiss and notify, webauthn:extension:credBlob: true, webauthn:extension:largeBlob: true, webauthn:extension:minPinLength: true, webauthn:extension:prf: true, webauthn:virtualAuthenticators: true}
Element: [[ChromeDriver: chrome on WINDOWS (88b68fb993ac06a062bd391937dc4c0e)] -&gt; xpath: //button[@class=&apos;pp-form__cta&apos;]]
Session ID: 88b68fb993ac06a062bd391937dc4c0e
	at java.base/jdk.internal.reflect.NativeConstructorAccessorImpl.newInstance0(Native Method)
	at java.base/jdk.internal.reflect.NativeConstructorAccessorImpl.newInstance(NativeConstructorAccessorImpl.java:77)
	at java.base/jdk.internal.reflect.DelegatingConstructorAccessorImpl.newInstance(DelegatingConstructorAccessorImpl.java:45)
	at java.base/java.lang.reflect.Constructor.newInstanceWithCaller(Constructor.java:499)
	at java.base/java.lang.reflect.Constructor.newInstance(Constructor.java:480)
	at org.openqa.selenium.remote.codec.w3c.W3CHttpResponseCodec.createException(W3CHttpResponseCodec.java:200)
	at org.openqa.selenium.remote.codec.w3c.W3CHttpResponseCodec.decode(W3CHttpResponseCodec.java:133)
	at org.openqa.selenium.remote.codec.w3c.W3CHttpResponseCodec.decode(W3CHttpResponseCodec.java:53)
	at org.openqa.selenium.remote.HttpCommandExecutor.execute(HttpCommandExecutor.java:193)
	at org.openqa.selenium.remote.service.DriverCommandExecutor.invokeExecute(DriverCommandExecutor.java:183)
	at org.openqa.selenium.remote.service.DriverCommandExecutor.execute(DriverCommandExecutor.java:158)
	at org.openqa.selenium.remote.RemoteWebDriver.execute(RemoteWebDriver.java:543)
	at org.openqa.selenium.remote.RemoteWebElement.execute(RemoteWebElement.java:257)
	at org.openqa.selenium.remote.RemoteWebElement.click(RemoteWebElement.java:78)
	at java.base/jdk.internal.reflect.NativeMethodAccessorImpl.invoke0(Native Method)
	at java.base/jdk.internal.reflect.NativeMethodAccessorImpl.invoke(NativeMethodAccessorImpl.java:77)
	at java.base/jdk.internal.reflect.DelegatingMethodAccessorImpl.invoke(DelegatingMethodAccessorImpl.java:43)
	at java.base/java.lang.reflect.Method.invoke(Method.java:568)
	at org.openqa.selenium.support.pagefactory.internal.LocatingElementHandler.invoke(LocatingElementHandler.java:52)
	at jdk.proxy2/jdk.proxy2.$Proxy29.click(Unknown Source)
	at com.pages.Post_PropertyPage.start_Now(Post_PropertyPage.java:59)
	at LandingPageSteps_outline.LandingPageSteps2.user_enters_invalid_number(LandingPageSteps2.java:137)
	at ✽.User enters invalid number &quot;0000000000&quot;(file:///C:/Users/TBEEMARA/eclipse-workspace/MagicBricks_Landing_Tejasree/src/test/resources/Features/LandingPage2.feature:28)
</pre></div></td>
<td>12</td>
<td>testrunner.landingPage_testrunner2@15043a2f</td></tr>
</table><p>
<table width='100%' border='1' class='invocation-passed'>
<tr><td colspan='4' align='center'><b>PASSED TESTS</b></td></tr>
<tr><td><b>Test method</b></td>
<td><b>Attribute(s)</b></td>
<td width="30%"><b>Exception</b></td>
<td width="10%"><b>Time (seconds)</b></td>
<td><b>Instance</b></td>
</tr>
<tr>
<td title='testrunner.landingPage_testrunner2.runScenario()'><b>runScenario</b><br>Test class: testrunner.landingPage_testrunner2<br>Test method: Runs Cucumber Scenarios<br>Parameters: "validate User enter number with valid data", "Magicbricks Landing"</td>
<td></td>
<td>18</td>
<td>testrunner.landingPage_testrunner2@15043a2f</td></tr>
<tr>
<td title='testrunner.landingPage_testrunner2.runScenario()'><b>runScenario</b><br>Test class: testrunner.landingPage_testrunner2<br>Test method: Runs Cucumber Scenarios<br>Parameters: "validate User enter number with valid data", "Magicbricks Landing"</td>
<td></td>
<td>16</td>
<td>testrunner.landingPage_testrunner2@15043a2f</td></tr>
<tr>
<td title='testrunner.landingPage_testrunner.runScenario()'><b>runScenario</b><br>Test class: testrunner.landingPage_testrunner<br>Test method: Runs Cucumber Scenarios<br>Parameters: "Validate that user navigates to landing page", "MagicBricks Landing"</td>
<td></td>
<td>19</td>
<td>testrunner.landingPage_testrunner@7bba5817</td></tr>
<tr>
<td title='testrunner.landingPageExcel_testrunner.runScenario()'><b>runScenario</b><br>Test class: testrunner.landingPageExcel_testrunner<br>Test method: Runs Cucumber Scenarios<br>Parameters: "validate User enter number with valid data", "Landing"</td>
<td></td>
<td>47</td>
<td>testrunner.landingPageExcel_testrunner@4a83a74a</td></tr>
<tr>
<td title='testrunner.landingPage_testrunner.runScenario()'><b>runScenario</b><br>Test class: testrunner.landingPage_testrunner<br>Test method: Runs Cucumber Scenarios<br>Parameters: "Validate Landing page UI", "MagicBricks Landing"</td>
<td></td>
<td>21</td>
<td>testrunner.landingPage_testrunner@7bba5817</td></tr>
<tr>
<td title='testrunner.landingPage_testrunner.runScenario()'><b>runScenario</b><br>Test class: testrunner.landingPage_testrunner<br>Test method: Runs Cucumber Scenarios<br>Parameters: "Validate Landing Page  Fields(login button is clickable)", "MagicBricks Landing"</td>
<td></td>
<td>26</td>
<td>testrunner.landingPage_testrunner@7bba5817</td></tr>
<tr>
<td title='testrunner.landingPageExcel_testrunner.runScenario()'><b>runScenario</b><br>Test class: testrunner.landingPageExcel_testrunner<br>Test method: Runs Cucumber Scenarios<br>Parameters: "validate User enter number with valid data", "Landing"</td>
<td></td>
<td>42</td>
<td>testrunner.landingPageExcel_testrunner@4a83a74a</td></tr>
</table><p>
</body>
</html>